2017-11-12 09:00:01;30:D3:2D:1B:6B:58;Lorelei;0.48
2017-11-12 09:00:01;88:03:55:CA:99:0F;WLAN-CA9994;0.26
2017-11-12 09:00:01;5C:49:79:45:6B:2C;FRITZ!Box 7490;0.58
2017-11-12 09:00:02;50:C7:BF:58:C8:60;Lorelei;0.68
2017-11-12 09:00:02;02:C7:BF:58:C8:60;Lorelei_guest;0.68
2017-11-12 09:00:02;32:D3:2D:1B:6B:58;Lorelei_guest;0.43
2017-11-12 09:06:41;30:D3:2D:1B:6B:58;Lorelei;0.53
2017-11-12 09:06:41;50:C7:BF:58:F7:86;Lorelei;0.42
2017-11-12 09:06:41;5C:49:79:45:6B:2C;FRITZ!Box 7490;0.6
2017-11-12 09:06:41;02:C7:BF:58:C8:60;Lorelei_guest;0.7
2017-11-12 09:06:41;50:C7:BF:58:C8:60;Lorelei;0.7
2017-11-12 09:06:41;88:03:55:CA:99:0F;WLAN-CA9994;0.1
2017-11-12 09:15:02;30:D3:2D:1B:6B:58;Lorelei;0.46
2017-11-12 09:15:02;5C:49:79:45:6B:2C;FRITZ!Box 7490;0.58
2017-11-12 09:15:02;50:C7:BF:58:C8:60;Lorelei;0.7
2017-11-12 09:15:02;02:C7:BF:58:C8:60;Lorelei_guest;0.7
2017-11-12 09:15:02;02:C7:BF:72:0F:28;Lorelei_guest;0.42
2017-11-12 09:15:02;50:C7:BF:72:0F:28;Lorelei;0.42
2017-11-12 09:15:02;88:03:55:CA:99:0F;WLAN-CA9994;0.26
2017-11-12 09:30:01;30:D3:2D:1B:6B:58;Lorelei;0.45
2017-11-12 09:30:01;5C:49:79:45:6B:2C;FRITZ!Box 7490;0.6
2017-11-12 09:30:01;02:C7:BF:58:C8:60;Lorelei_guest;0.7
2017-11-12 09:30:01;50:C7:BF:58:C8:60;Lorelei;0.7
2017-11-12 09:30:01;50:C7:BF:72:0F:28;Lorelei;0.42
2017-11-12 09:30:01;32:D3:2D:1B:6B:58;Lorelei_guest;0.43
2017-11-12 09:30:01;90:84:0D:EC:EE:5B;WAL-5C8853;0.23
2017-11-12 09:30:01;88:03:55:CA:99:0F;WLAN-CA9994;0.23
2017-11-12 09:45:01;30:D3:2D:1B:6B:58;Lorelei;0.47
2017-11-12 09:45:01;5C:49:79:45:6B:2C;FRITZ!Box 7490;0.54
2017-11-12 09:45:01;50:C7:BF:58:C8:60;Lorelei;0.7
2017-11-12 09:45:01;02:C7:BF:58:C8:60;Lorelei_guest;0.71
2017-11-12 09:45:01;50:C7:BF:72:0F:28;Lorelei;0.23
2017-11-12 09:45:01;02:C7:BF:72:0F:28;Lorelei_guest;0.23
2017-11-12 09:45:01;88:03:55:CA:99:0F;WLAN-CA9994;0.23
2017-11-12 09:45:01;F4:06:8D:8D:BC:71;devolo-f4068d8dbc71;0.26
2017-11-12 10:00:01;30:D3:2D:1B:6B:58;Lorelei;0.49
2017-11-12 10:00:01;5C:49:79:45:6B:2C;FRITZ!Box 7490;0.61
2017-11-12 10:00:01;50:C7:BF:58:C8:60;Lorelei;0.68
2017-11-12 10:00:01;02:C7:BF:58:C8:60;Lorelei_guest;0.71
2017-11-12 10:00:01;02:C7:BF:72:0F:28;Lorelei_guest;0.42
2017-11-12 10:00:01;88:03:55:CA:99:0F;WLAN-CA9994;0.23
2017-11-12 10:00:01;32:D3:2D:1B:6B:58;Lorelei_guest;0.44
2017-11-12 10:15:01;30:D3:2D:1B:6B:58;Lorelei;0.48
2017-11-12 10:15:01;5C:49:79:45:6B:2C;FRITZ!Box 7490;0.67
2017-11-12 10:15:01;50:C7:BF:58:C8:60;Lorelei;0.68
2017-11-12 10:15:01;50:C7:BF:72:0F:28;Lorelei;0.42
2017-11-12 10:15:01;02:C7:BF:58:C8:60;Lorelei_guest;0.71
2017-11-12 10:15:01;32:D3:2D:1B:6B:58;Lorelei_guest;0.47
2017-11-12 10:15:01;88:03:55:CA:99:0F;WLAN-CA9994;0.26
2017-11-12 10:15:01;90:84:0D:EC:EE:5B;WAL-5C8853;0.23
2017-11-12 10:30:01;30:D3:2D:1B:6B:58;Lorelei;0.48
2017-11-12 10:30:01;5C:49:79:45:6B:2C;FRITZ!Box 7490;0.64
2017-11-12 10:30:01;02:C7:BF:58:C8:60;Lorelei_guest;0.7
2017-11-12 10:30:01;50:C7:BF:58:C8:60;Lorelei;0.7
2017-11-12 10:30:01;02:C7:BF:72:0F:28;Lorelei_guest;0.42
2017-11-12 10:30:01;88:03:55:CA:99:0F;WLAN-CA9994;0.23
2017-11-12 10:30:01;90:84:0D:EC:EE:5B;WAL-5C8853;0.23
2017-11-12 10:30:01;32:D3:2D:1B:6B:58;Lorelei_guest;0.47
2017-11-12 10:45:01;30:D3:2D:1B:6B:58;Lorelei;0.51
2017-11-12 10:45:01;5C:49:79:45:6B:2C;FRITZ!Box 7490;0.62
2017-11-12 10:45:01;50:C7:BF:58:C8:60;Lorelei;0.7
2017-11-12 10:45:01;02:C7:BF:58:C8:60;Lorelei_guest;0.71
2017-11-12 10:45:01;50:C7:BF:72:0F:28;Lorelei;0.42
2017-11-12 10:45:01;02:C7:BF:72:0F:28;Lorelei_guest;0.44
2017-11-12 10:45:01;88:03:55:CA:99:0F;WLAN-CA9994;0.23
2017-11-12 10:45:01;90:84:0D:EC:EE:5B;WAL-5C8853;0.26
2017-11-12 10:45:01;F4:06:8D:8D:BC:71;devolo-f4068d8dbc71;0.26
2017-11-12 10:45:01;32:D3:2D:1B:6B:58;Lorelei_guest;0.58
2017-11-12 11:00:01;30:D3:2D:1B:6B:58;Lorelei;0.46
2017-11-12 11:00:01;02:C7:BF:58:F7:86;Lorelei_guest;0.46
2017-11-12 11:00:01;5C:49:79:45:6B:2C;FRITZ!Box 7490;0.62
2017-11-12 11:00:01;02:C7:BF:58:C8:60;Lorelei_guest;0.7
2017-11-12 11:00:01;50:C7:BF:58:C8:60;Lorelei;0.71
2017-11-12 11:00:01;50:C7:BF:72:0F:28;Lorelei;0.42
2017-11-12 11:00:01;88:03:55:CA:99:0F;WLAN-CA9994;0.1
2017-11-12 11:00:01;90:84:0D:EC:EE:5B;WAL-5C8853;0.23
2017-11-12 11:00:01;32:D3:2D:1B:6B:58;Lorelei_guest;0.44
2017-11-12 11:15:01;30:D3:2D:1B:6B:58;Lorelei;0.47
2017-11-12 11:15:01;02:C7:BF:58:F7:86;Lorelei_guest;0.46
2017-11-12 11:15:01;5C:49:79:45:6B:2C;FRITZ!Box 7490;0.6
2017-11-12 11:15:01;02:C7:BF:58:C8:60;Lorelei_guest;0.7
2017-11-12 11:15:01;50:C7:BF:58:C8:60;Lorelei;0.7
2017-11-12 11:15:01;02:C7:BF:72:0F:28;Lorelei_guest;0.42
2017-11-12 11:30:01;30:D3:2D:1B:6B:58;Lorelei;0.47
2017-11-12 11:30:01;5C:49:79:45:6B:2C;FRITZ!Box 7490;0.6
2017-11-12 11:30:01;02:C7:BF:58:C8:60;Lorelei_guest;0.7
2017-11-12 11:30:01;50:C7:BF:58:C8:60;Lorelei;0.73
2017-11-12 11:30:01;50:C7:BF:72:0F:28;Lorelei;0.43
2017-11-12 11:30:01;88:03:55:CA:99:0F;WLAN-CA9994;0.25
2017-11-12 11:30:01;32:D3:2D:1B:6B:58;Lorelei_guest;0.47
2017-11-12 11:45:01;30:D3:2D:1B:6B:58;Lorelei;0.47
2017-11-12 11:45:01;02:C7:BF:58:F7:86;Lorelei_guest;0.23
2017-11-12 11:45:01;5C:49:79:45:6B:2C;FRITZ!Box 7490;0.6
2017-11-12 11:45:01;02:C7:BF:58:C8:60;Lorelei_guest;0.71
2017-11-12 11:45:01;50:C7:BF:58:C8:60;Lorelei;0.74
2017-11-12 11:45:01;50:C7:BF:72:0F:28;Lorelei;0.42
2017-11-12 11:45:01;32:D3:2D:1B:6B:58;Lorelei_guest;0.48
2017-11-12 12:00:01;30:D3:2D:1B:6B:58;Lorelei;0.47
2017-11-12 12:00:01;5C:49:79:45:6B:2C;FRITZ!Box 7490;0.51
2017-11-12 12:00:01;50:C7:BF:58:C8:60;Lorelei;0.7
2017-11-12 12:00:01;02:C7:BF:58:C8:60;Lorelei_guest;0.7
2017-11-12 12:00:01;02:C7:BF:72:0F:28;Lorelei_guest;0.26
2017-11-12 12:00:01;32:D3:2D:1B:6B:58;Lorelei_guest;0.45
2017-11-12 12:00:01;88:03:55:CA:99:0F;WLAN-CA9994;0.23
2017-11-12 12:15:01;30:D3:2D:1B:6B:58;Lorelei;0.47
2017-11-12 12:15:01;5C:49:79:45:6B:2C;FRITZ!Box 7490;0.54
2017-11-12 12:15:01;50:C7:BF:58:C8:60;Lorelei;0.7
2017-11-12 12:15:01;02:C7:BF:58:C8:60;Lorelei_guest;0.7
2017-11-12 12:15:01;50:C7:BF:72:0F:28;Lorelei;0.42
2017-11-12 12:15:01;32:D3:2D:1B:6B:58;Lorelei_guest;0.44
2017-11-12 12:15:01;90:84:0D:EC:EE:5B;WAL-5C8853;0.23
2017-11-12 12:30:01;30:D3:2D:1B:6B:58;Lorelei;0.47
2017-11-12 12:30:01;02:C7:BF:58:F7:86;Lorelei_guest;0.23
2017-11-12 12:30:01;5C:49:79:45:6B:2C;FRITZ!Box 7490;0.57
2017-11-12 12:30:01;02:C7:BF:58:C8:60;Lorelei_guest;0.7
2017-11-12 12:30:01;50:C7:BF:58:C8:60;Lorelei;0.72
2017-11-12 12:30:01;02:C7:BF:72:0F:28;Lorelei_guest;0.42
2017-11-12 12:30:01;50:C7:BF:72:0F:28;Lorelei;0.23
2017-11-12 12:30:01;88:03:55:CA:99:0F;WLAN-CA9994;0.35
2017-11-12 12:30:02;32:D3:2D:1B:6B:58;Lorelei_guest;0.44
2017-11-12 12:45:01;30:D3:2D:1B:6B:58;Lorelei;0.47
2017-11-12 12:45:01;50:C7:BF:58:F7:86;Lorelei;0.42
2017-11-12 12:45:01;5C:49:79:45:6B:2C;FRITZ!Box 7490;0.58
2017-11-12 12:45:01;50:C7:BF:58:C8:60;Lorelei;0.7
2017-11-12 12:45:01;02:C7:BF:58:C8:60;Lorelei_guest;0.7
2017-11-12 12:45:01;50:C7:BF:72:0F:28;Lorelei;0.44
2017-11-12 12:45:01;02:C7:BF:72:0F:28;Lorelei_guest;0.44
2017-11-12 12:45:01;88:03:55:CA:99:0F;WLAN-CA9994;0.23
2017-11-12 13:00:01;30:D3:2D:1B:6B:58;Lorelei;0.47
2017-11-12 13:00:01;5C:49:79:45:6B:2C;FRITZ!Box 7490;0.56
2017-11-12 13:00:01;02:C7:BF:58:C8:60;Lorelei_guest;0.7
2017-11-12 13:00:01;50:C7:BF:58:C8:60;Lorelei;0.7
2017-11-12 13:00:01;02:C7:BF:72:0F:28;Lorelei_guest;0.42
2017-11-12 13:00:01;32:D3:2D:1B:6B:58;Lorelei_guest;0.46
2017-11-12 13:15:01;30:D3:2D:1B:6B:58;Lorelei;0.46
2017-11-12 13:15:01;02:C7:BF:58:C8:60;Lorelei_guest;0.7
2017-11-12 13:15:01;02:C7:BF:58:F7:86;Lorelei_guest;0.44
2017-11-12 13:15:01;5C:49:79:45:6B:2C;FRITZ!Box 7490;0.56
2017-11-12 13:15:01;50:C7:BF:58:C8:60;Lorelei;0.7
2017-11-12 13:15:01;32:D3:2D:1B:6B:58;Lorelei_guest;0.46
2017-11-12 13:15:01;02:C7:BF:72:0F:28;Lorelei_guest;0.42
2017-11-12 13:15:01;88:03:55:CA:99:0F;WLAN-CA9994;0.23
2017-11-12 13:15:01;F4:06:8D:8D:BC:71;devolo-f4068d8dbc71;0.23
2017-11-12 13:15:01;90:84:0D:EC:EE:5B;WAL-5C8853;0.26
2017-11-12 13:30:02;30:D3:2D:1B:6B:58;Lorelei;0.46
2017-11-12 13:30:02;50:C7:BF:58:F7:86;Lorelei;0.26
2017-11-12 13:30:02;5C:49:79:45:6B:2C;FRITZ!Box 7490;0.6
2017-11-12 13:30:02;02:C7:BF:58:C8:60;Lorelei_guest;0.7
2017-11-12 13:30:02;50:C7:BF:58:C8:60;Lorelei;0.7
2017-11-12 13:30:02;02:C7:BF:72:0F:28;Lorelei_guest;0.42
2017-11-12 13:30:02;32:D3:2D:1B:6B:58;Lorelei_guest;0.45
2017-11-12 13:30:02;88:03:55:CA:99:0F;WLAN-CA9994;0.38
2017-11-12 13:45:01;30:D3:2D:1B:6B:58;Lorelei;0.46
2017-11-12 13:45:01;5C:49:79:45:6B:2C;FRITZ!Box 7490;0.6
2017-11-12 13:45:01;50:C7:BF:58:C8:60;Lorelei;0.7
2017-11-12 13:45:01;02:C7:BF:58:C8:60;Lorelei_guest;0.7
2017-11-12 13:45:02;02:C7:BF:72:0F:28;Lorelei_guest;0.42
2017-11-12 13:45:02;50:C7:BF:72:0F:28;Lorelei;0.42
2017-11-12 13:45:02;88:03:55:CA:99:0F;WLAN-CA9994;0.23
2017-11-12 13:45:02;F4:06:8D:8D:BC:71;devolo-f4068d8dbc71;0.23
2017-11-12 13:45:02;32:D3:2D:1B:6B:58;Lorelei_guest;0.48
2017-11-12 14:00:01;30:D3:2D:1B:6B:58;Lorelei;0.46
2017-11-12 14:00:01;FA:8F:CA:59:EB:1E;;0.44
2017-11-12 14:00:01;5C:49:79:45:6B:2C;FRITZ!Box 7490;0.54
2017-11-12 14:00:01;02:C7:BF:58:C8:60;Lorelei_guest;0.7
2017-11-12 14:00:01;50:C7:BF:58:C8:60;Lorelei;0.7
2017-11-12 14:00:01;50:C7:BF:72:0F:28;Lorelei;0.42
2017-11-12 14:00:01;02:C7:BF:72:0F:28;Lorelei_guest;0.23
2017-11-12 14:00:01;32:D3:2D:1B:6B:58;Lorelei_guest;0.44
2017-11-12 14:15:02;30:D3:2D:1B:6B:58;Lorelei;0.47
2017-11-12 14:15:02;FA:8F:CA:59:EB:1E;;0.46
2017-11-12 14:15:02;5C:49:79:45:6B:2C;FRITZ!Box 7490;0.56
2017-11-12 14:15:02;02:C7:BF:58:C8:60;Lorelei_guest;0.7
2017-11-12 14:15:02;50:C7:BF:58:C8:60;Lorelei;0.7
2017-11-12 14:15:02;02:C7:BF:72:0F:28;Lorelei_guest;0.26
2017-11-12 14:15:02;50:C7:BF:72:0F:28;Lorelei;0.23
2017-11-12 14:15:02;32:D3:2D:1B:6B:58;Lorelei_guest;0.48
2017-11-12 14:15:02;88:03:55:CA:99:0F;WLAN-CA9994;0.26
2017-11-12 14:15:02;F4:06:8D:8D:BC:71;devolo-f4068d8dbc71;0.26
2017-11-12 14:30:01;30:D3:2D:1B:6B:58;Lorelei;0.47
2017-11-12 14:30:01;5C:49:79:45:6B:2C;FRITZ!Box 7490;0.58
2017-11-12 14:30:01;02:C7:BF:58:C8:60;Lorelei_guest;0.7
2017-11-12 14:30:01;50:C7:BF:58:C8:60;Lorelei;0.7
2017-11-12 14:30:01;02:C7:BF:72:0F:28;Lorelei_guest;0.23
2017-11-12 14:30:01;88:03:55:CA:99:0F;WLAN-CA9994;0.23
2017-11-12 14:30:01;90:84:0D:EC:EE:5B;WAL-5C8853;0.23
2017-11-12 14:45:01;30:D3:2D:1B:6B:58;Lorelei;0.47
2017-11-12 14:45:01;FA:8F:CA:59:EB:1E;;0.43
2017-11-12 14:45:01;02:C7:BF:58:F7:86;Lorelei_guest;0.44
2017-11-12 14:45:01;5C:49:79:45:6B:2C;FRITZ!Box 7490;0.59
2017-11-12 14:45:01;50:C7:BF:58:C8:60;Lorelei;0.7
2017-11-12 14:45:01;02:C7:BF:58:C8:60;Lorelei_guest;0.73
2017-11-12 14:45:01;02:C7:BF:72:0F:28;Lorelei_guest;0.42
2017-11-12 14:45:01;88:03:55:CA:99:0F;WLAN-CA9994;0.2
2017-11-12 15:00:01;30:D3:2D:1B:6B:58;Lorelei;0.47
2017-11-12 15:00:01;FA:8F:CA:59:EB:1E;;0.44
2017-11-12 15:00:01;5C:49:79:45:6B:2C;FRITZ!Box 7490;0.56
2017-11-12 15:00:01;50:C7:BF:58:C8:60;Lorelei;0.72
2017-11-12 15:00:01;02:C7:BF:58:C8:60;Lorelei_guest;0.71
2017-11-12 15:00:01;50:C7:BF:72:0F:28;Lorelei;0.42
2017-11-12 15:00:01;02:C7:BF:72:0F:28;Lorelei_guest;0.42
2017-11-12 15:00:01;88:03:55:CA:99:0F;WLAN-CA9994;0.39
2017-11-12 15:00:01;90:84:0D:EC:EE:5B;WAL-5C8853;0.26
2017-11-12 15:00:01;32:D3:2D:1B:6B:58;Lorelei_guest;0.47
2017-11-12 15:15:01;30:D3:2D:1B:6B:58;Lorelei;0.47
2017-11-12 15:15:01;FA:8F:CA:59:EB:1E;;0.44
2017-11-12 15:15:01;5C:49:79:45:6B:2C;FRITZ!Box 7490;0.54
2017-11-12 15:15:01;02:C7:BF:58:C8:60;Lorelei_guest;0.7
2017-11-12 15:15:01;50:C7:BF:58:C8:60;Lorelei;0.7
2017-11-12 15:15:01;88:03:55:CA:99:0F;WLAN-CA9994;0.26
2017-11-12 15:15:01;F4:06:8D:8D:BC:71;devolo-f4068d8dbc71;0.26
2017-11-12 15:15:01;90:84:0D:EC:EE:5B;WAL-5C8853;0.26
2017-11-12 15:30:01;30:D3:2D:1B:6B:58;Lorelei;0.47
2017-11-12 15:30:01;5C:49:79:45:6B:2C;FRITZ!Box 7490;0.51
2017-11-12 15:30:01;50:C7:BF:58:C8:60;Lorelei;0.78
2017-11-12 15:30:01;02:C7:BF:58:C8:60;Lorelei_guest;0.74
2017-11-12 15:30:01;32:D3:2D:1B:6B:58;Lorelei_guest;0.46
2017-11-12 15:30:01;88:03:55:CA:99:0F;WLAN-CA9994;0.26
2017-11-12 15:45:01;30:D3:2D:1B:6B:58;Lorelei;0.46
2017-11-12 15:45:02;FA:8F:CA:59:EB:1E;;0.42
2017-11-12 15:45:02;5C:49:79:45:6B:2C;FRITZ!Box 7490;0.5
2017-11-12 15:45:02;02:C7:BF:58:C8:60;Lorelei_guest;0.74
2017-11-12 15:45:02;50:C7:BF:58:C8:60;Lorelei;0.72
2017-11-12 15:45:02;50:C7:BF:72:0F:28;Lorelei;0.23
2017-11-12 15:45:02;32:D3:2D:1B:6B:58;Lorelei_guest;0.47
2017-11-12 15:45:02;88:03:55:CA:99:0F;WLAN-CA9994;0.26
2017-11-12 15:45:02;F4:06:8D:8D:BC:71;devolo-f4068d8dbc71;0.23
2017-11-12 15:45:02;90:84:0D:EC:EE:5B;WAL-5C8853;0.26
2017-11-12 16:00:01;30:D3:2D:1B:6B:58;Lorelei;0.46
2017-11-12 16:00:01;FA:8F:CA:59:EB:1E;;0.46
2017-11-12 16:00:01;5C:49:79:45:6B:2C;FRITZ!Box 7490;0.49
2017-11-12 16:00:01;02:C7:BF:58:C8:60;Lorelei_guest;0.72
2017-11-12 16:00:01;50:C7:BF:58:C8:60;Lorelei;0.72
2017-11-12 16:00:01;32:D3:2D:1B:6B:58;Lorelei_guest;0.44
2017-11-12 16:00:01;88:03:55:CA:99:0F;WLAN-CA9994;0.23
2017-11-12 16:15:01;30:D3:2D:1B:6B:58;Lorelei;0.46
2017-11-12 16:15:01;88:03:55:CA:99:0F;WLAN-CA9994;0.38
2017-11-12 16:15:01;5C:49:79:45:6B:2C;FRITZ!Box 7490;0.57
2017-11-12 16:15:01;02:C7:BF:58:C8:60;Lorelei_guest;0.71
2017-11-12 16:15:01;50:C7:BF:58:C8:60;Lorelei;0.71
2017-11-12 16:15:01;32:D3:2D:1B:6B:58;Lorelei_guest;0.47
2017-11-12 16:15:01;90:84:0D:EC:EE:5B;WAL-5C8853;0.23
2017-11-12 16:30:02;30:D3:2D:1B:6B:58;Lorelei;0.47
2017-11-12 16:30:02;5C:49:79:45:6B:2C;FRITZ!Box 7490;0.58
2017-11-12 16:30:02;50:C7:BF:58:C8:60;Lorelei;0.71
2017-11-12 16:30:02;02:C7:BF:58:C8:60;Lorelei_guest;0.71
2017-11-12 16:30:02;50:C7:BF:72:0F:28;Lorelei;0.42
2017-11-12 16:30:02;88:03:55:CA:99:0F;WLAN-CA9994;0.25
2017-11-12 16:30:02;32:D3:2D:1B:6B:58;Lorelei_guest;0.46
2017-11-12 16:45:01;30:D3:2D:1B:6B:58;Lorelei;0.47
2017-11-12 16:45:01;02:C7:BF:58:C8:60;Lorelei_guest;0.66
2017-11-12 16:45:01;5C:49:79:45:6B:2C;FRITZ!Box 7490;0.56
2017-11-12 16:45:01;50:C7:BF:58:C8:60;Lorelei;0.7
2017-11-12 16:45:01;02:C7:BF:72:0F:28;Lorelei_guest;0.42
2017-11-12 16:45:01;50:C7:BF:72:0F:28;Lorelei;0.42
2017-11-12 16:45:01;32:D3:2D:1B:6B:58;Lorelei_guest;0.47
2017-11-12 16:45:01;88:03:55:CA:99:0F;WLAN-CA9994;0.23
